# JRE version: Java(TM) SE Runtime Environment (8.0_25-b17) (build 1.8.0_25-b17)
# Java VM: Java HotSpot(TM) 64-Bit Server VM (25.25-b02 mixed mode bsd-amd64 compressed oops)
Heap:
 PSYoungGen      total 73728K, used 1259K [0x000000076ab00000, 0x0000000770980000, 0x00000007c0000000)
  eden space 53760K, 1% used [0x000000076ab00000,0x000000076ac0ac10,0x000000076df80000)
  from space 19968K, 0% used [0x000000076f600000,0x000000076f630000,0x0000000770980000)
  to   space 21504K, 0% used [0x000000076df80000,0x000000076df80000,0x000000076f480000)
 ParOldGen       total 99840K, used 28312K [0x00000006c0000000, 0x00000006c6180000, 0x000000076ab00000)
  object space 99840K, 28% used [0x00000006c0000000,0x00000006c1ba63e0,0x00000006c6180000)
 Metaspace       used 20985K, capacity 21135K, committed 21552K, reserved 1069056K
  class space    used 2023K, capacity 2074K, committed 2176K, reserved 1048576K
GC Heap History (10 events):
Event: 118.241 GC heap before
{Heap before GC invocations=11 (full 1):
 PSYoungGen      total 60416K, used 60288K [0x000000076ab00000, 0x0000000771280000, 0x00000007c0000000)
  eden space 58880K, 100% used [0x000000076ab00000,0x000000076e480000,0x000000076e480000)
  from space 1536K, 91% used [0x000000076e580000,0x000000076e6e0050,0x000000076e700000)
  to   space 23552K, 0% used [0x000000076fb80000,0x000000076fb80000,0x0000000771280000)
 ParOldGen       total 99840K, used 27000K [0x00000006c0000000, 0x00000006c6180000, 0x000000076ab00000)
  object space 99840K, 27% used [0x00000006c0000000,0x00000006c1a5e390,0x00000006c6180000)
 Metaspace       used 20978K, capacity 21127K, committed 21552K, reserved 1069056K
  class space    used 2023K, capacity 2074K, committed 2176K, reserved 1048576K
Event: 118.255 GC heap after
Heap after GC invocations=11 (full 1):
 PSYoungGen      total 79360K, used 160K [0x000000076ab00000, 0x0000000771080000, 0x00000007c0000000)
  eden space 57856K, 0% used [0x000000076ab00000,0x000000076ab00000,0x000000076e380000)
  from space 21504K, 0% used [0x000000076fb80000,0x000000076fba8000,0x0000000771080000)
  to   space 23040K, 0% used [0x000000076e380000,0x000000076e380000,0x000000076fa00000)
 ParOldGen       total 99840K, used 28312K [0x00000006c0000000, 0x00000006c6180000, 0x000000076ab00000)
  object space 99840K, 28% used [0x00000006c0000000,0x00000006c1ba63e0,0x00000006c6180000)
 Metaspace       used 20978K, capacity 21127K, committed 21552K, reserved 1069056K
  class space    used 2023K, capacity 2074K, committed 2176K, reserved 1048576K
}
Event: 129.333 GC heap before
{Heap before GC invocations=12 (full 1):
 PSYoungGen      total 79360K, used 58016K [0x000000076ab00000, 0x0000000771080000, 0x00000007c0000000)
  eden space 57856K, 100% used [0x000000076ab00000,0x000000076e380000,0x000000076e380000)
  from space 21504K, 0% used [0x000000076fb80000,0x000000076fba8000,0x0000000771080000)
  to   space 23040K, 0% used [0x000000076e380000,0x000000076e380000,0x000000076fa00000)
 ParOldGen       total 99840K, used 28312K [0x00000006c0000000, 0x00000006c6180000, 0x000000076ab00000)
  object space 99840K, 28% used [0x00000006c0000000,0x00000006c1ba63e0,0x00000006c6180000)
 Metaspace       used 20978K, capacity 21127K, committed 21552K, reserved 1069056K
  class space    used 2023K, capacity 2074K, committed 2176K, reserved 1048576K
Event: 129.335 GC heap after
Heap after GC invocations=12 (full 1):
 PSYoungGen      total 57344K, used 128K [0x000000076ab00000, 0x0000000770f80000, 0x00000007c0000000)
  eden space 56832K, 0% used [0x000000076ab00000,0x000000076ab00000,0x000000076e280000)
  from space 512K, 25% used [0x000000076e380000,0x000000076e3a0000,0x000000076e400000)
  to   space 23040K, 0% used [0x000000076f900000,0x000000076f900000,0x0000000770f80000)
 ParOldGen       total 99840K, used 28312K [0x00000006c0000000, 0x00000006c6180000, 0x000000076ab00000)
  object space 99840K, 28% used [0x00000006c0000000,0x00000006c1ba63e0,0x00000006c6180000)
 Metaspace       used 20978K, capacity 21127K, committed 21552K, reserved 1069056K
  class space    used 2023K, capacity 2074K, committed 2176K, reserved 1048576K
}
Event: 140.326 GC heap before
{Heap before GC invocations=13 (full 1):
 PSYoungGen      total 57344K, used 56960K [0x000000076ab00000, 0x0000000770f80000, 0x00000007c0000000)
  eden space 56832K, 100% used [0x000000076ab00000,0x000000076e280000,0x000000076e280000)
  from space 512K, 25% used [0x000000076e380000,0x000000076e3a0000,0x000000076e400000)
  to   space 23040K, 0% used [0x000000076f900000,0x000000076f900000,0x0000000770f80000)
 ParOldGen       total 99840K, used 28312K [0x00000006c0000000, 0x00000006c6180000, 0x000000076ab00000)
  object space 99840K, 28% used [0x00000006c0000000,0x00000006c1ba63e0,0x00000006c6180000)
 Metaspace       used 20978K, capacity 21127K, committed 21552K, reserved 1069056K
  class space    used 2023K, capacity 2074K, committed 2176K, reserved 1048576K
Event: 140.327 GC heap after
Heap after GC invocations=13 (full 1):
 PSYoungGen      total 76800K, used 128K [0x000000076ab00000, 0x0000000770d80000, 0x00000007c0000000)
  eden space 55808K, 0% used [0x000000076ab00000,0x000000076ab00000,0x000000076e180000)
  from space 20992K, 0% used [0x000000076f900000,0x000000076f920000,0x0000000770d80000)
  to   space 22528K, 0% used [0x000000076e180000,0x000000076e180000,0x000000076f780000)
 ParOldGen       total 99840K, used 28312K [0x00000006c0000000, 0x00000006c6180000, 0x000000076ab00000)
  object space 99840K, 28% used [0x00000006c0000000,0x00000006c1ba63e0,0x00000006c6180000)
 Metaspace       used 20978K, capacity 21127K, committed 21552K, reserved 1069056K
  class space    used 2023K, capacity 2074K, committed 2176K, reserved 1048576K
}
Event: 151.159 GC heap before
{Heap before GC invocations=14 (full 1):
 PSYoungGen      total 76800K, used 55936K [0x000000076ab00000, 0x0000000770d80000, 0x00000007c0000000)
  eden space 55808K, 100% used [0x000000076ab00000,0x000000076e180000,0x000000076e180000)
  from space 20992K, 0% used [0x000000076f900000,0x000000076f920000,0x0000000770d80000)
  to   space 22528K, 0% used [0x000000076e180000,0x000000076e180000,0x000000076f780000)
 ParOldGen       total 99840K, used 28312K [0x00000006c0000000, 0x00000006c6180000, 0x000000076ab00000)
  object space 99840K, 28% used [0x00000006c0000000,0x00000006c1ba63e0,0x00000006c6180000)
 Metaspace       used 20978K, capacity 21127K, committed 21552K, reserved 1069056K
  class space    used 2023K, capacity 2074K, committed 2176K, reserved 1048576K
Event: 151.160 GC heap after
Heap after GC invocations=14 (full 1):
 PSYoungGen      total 55296K, used 128K [0x000000076ab00000, 0x0000000770b80000, 0x00000007c0000000)
  eden space 54784K, 0% used [0x000000076ab00000,0x000000076ab00000,0x000000076e080000)
  from space 512K, 25% used [0x000000076e180000,0x000000076e1a0000,0x000000076e200000)
  to   space 22016K, 0% used [0x000000076f600000,0x000000076f600000,0x0000000770b80000)
 ParOldGen       total 99840K, used 28312K [0x00000006c0000000, 0x00000006c6180000, 0x000000076ab00000)
  object space 99840K, 28% used [0x00000006c0000000,0x00000006c1ba63e0,0x00000006c6180000)
 Metaspace       used 20978K, capacity 21127K, committed 21552K, reserved 1069056K
  class space    used 2023K, capacity 2074K, committed 2176K, reserved 1048576K
}
Event: 162.608 GC heap before
{Heap before GC invocations=15 (full 1):
 PSYoungGen      total 55296K, used 54912K [0x000000076ab00000, 0x0000000770b80000, 0x00000007c0000000)
  eden space 54784K, 100% used [0x000000076ab00000,0x000000076e080000,0x000000076e080000)
  from space 512K, 25% used [0x000000076e180000,0x000000076e1a0000,0x000000076e200000)
  to   space 22016K, 0% used [0x000000076f600000,0x000000076f600000,0x0000000770b80000)
 ParOldGen       total 99840K, used 28312K [0x00000006c0000000, 0x00000006c6180000, 0x000000076ab00000)
  object space 99840K, 28% used [0x00000006c0000000,0x00000006c1ba63e0,0x00000006c6180000)
 Metaspace       used 20985K, capacity 21135K, committed 21552K, reserved 1069056K
  class space    used 2023K, capacity 2074K, committed 2176K, reserved 1048576K
Event: 162.610 GC heap after
Heap after GC invocations=15 (full 1):
 PSYoungGen      total 73728K, used 192K [0x000000076ab00000, 0x0000000770980000, 0x00000007c0000000)
  eden space 53760K, 0% used [0x000000076ab00000,0x000000076ab00000,0x000000076df80000)
  from space 19968K, 0% used [0x000000076f600000,0x000000076f630000,0x0000000770980000)
  to   space 21504K, 0% used [0x000000076df80000,0x000000076df80000,0x000000076f480000)
 ParOldGen       total 99840K, used 28312K [0x00000006c0000000, 0x00000006c6180000, 0x000000076ab00000)
  object space 99840K, 28% used [0x00000006c0000000,0x00000006c1ba63e0,0x00000006c6180000)
 Metaspace       used 20985K, capacity 21135K, committed 21552K, reserved 1069056K
  class space    used 2023K, capacity 2074K, committed 2176K, reserved 1048576K
}

